[10-Mar-2025 16:33:10 UTC] Initializing router...
[10-Mar-2025 16:33:10 UTC] Dispatching request...
[10-Mar-2025 16:33:10 UTC] Raw URL: /agoda/
[10-Mar-2025 16:33:10 UTC] PHP Notice:  Use of undefined constant SITE_ROOT - assumed 'SITE_ROOT' in D:\APP\VertrigoServ\www\agoda\core\Router.php on line 81
[10-Mar-2025 16:33:10 UTC] PHP Stack trace:
[10-Mar-2025 16:33:10 UTC] PHP   1. {main}() D:\APP\VertrigoServ\www\agoda\index.php:0
[10-Mar-2025 16:33:10 UTC] PHP   2. Core\Router->dispatch() D:\APP\VertrigoServ\www\agoda\index.php:69
[10-Mar-2025 16:33:10 UTC] Processed URL: /agoda
[10-Mar-2025 16:33:10 UTC] Router error: Route not found: /agoda
[10-Mar-2025 16:33:10 UTC] #0 D:\APP\VertrigoServ\www\agoda\index.php(69): Core\Router->dispatch()
#1 {main}
[10-Mar-2025 16:33:10 UTC] Main error: Route not found: /agoda
[10-Mar-2025 16:33:10 UTC] #0 D:\APP\VertrigoServ\www\agoda\index.php(69): Core\Router->dispatch()
#1 {main}
[10-Mar-2025 16:35:54 UTC] Initializing router...
[10-Mar-2025 16:35:54 UTC] Dispatching request...
[10-Mar-2025 16:35:54 UTC] Raw URL: /agoda/
[10-Mar-2025 16:35:54 UTC] URL after removing SITE_ROOT: /
[10-Mar-2025 16:35:54 UTC] Final processed URL: /
[10-Mar-2025 16:35:54 UTC] Processed URL: /
[10-Mar-2025 16:35:54 UTC] PHP Notice:  Use of undefined constant ROOT_PATH - assumed 'ROOT_PATH' in D:\APP\VertrigoServ\www\agoda\index.php on line 35
[10-Mar-2025 16:35:54 UTC] PHP Stack trace:
[10-Mar-2025 16:35:54 UTC] PHP   1. {main}() D:\APP\VertrigoServ\www\agoda\index.php:0
[10-Mar-2025 16:35:54 UTC] PHP   2. Core\Router->dispatch() D:\APP\VertrigoServ\www\agoda\index.php:72
[10-Mar-2025 16:35:54 UTC] PHP   3. Core\Router->runMiddleware() D:\APP\VertrigoServ\www\agoda\core\Router.php:106
[10-Mar-2025 16:35:54 UTC] PHP   4. Core\Router->Core\{closure}() D:\APP\VertrigoServ\www\agoda\core\Router.php:38
[10-Mar-2025 16:35:54 UTC] PHP   5. spl_autoload_call() D:\APP\VertrigoServ\www\agoda\core\Router.php:101
[10-Mar-2025 16:35:54 UTC] PHP   6. {closure:D:\APP\VertrigoServ\www\agoda\index.php:30-46}() D:\APP\VertrigoServ\www\agoda\core\Router.php:101
[10-Mar-2025 16:35:54 UTC] Could not load class: App\Controllers\HomeController from ROOT_PATH/App/Controllers/HomeController.php
[10-Mar-2025 16:35:54 UTC] PHP Fatal error:  Uncaught Error: Class 'App\Controllers\HomeController' not found in D:\APP\VertrigoServ\www\agoda\core\Router.php:101
Stack trace:
#0 D:\APP\VertrigoServ\www\agoda\core\Router.php(38): Core\Router->Core\{closure}()
#1 D:\APP\VertrigoServ\www\agoda\core\Router.php(106): Core\Router->runMiddleware(Array, Object(Closure))
#2 D:\APP\VertrigoServ\www\agoda\index.php(72): Core\Router->dispatch()
#3 {main}
  thrown in D:\APP\VertrigoServ\www\agoda\core\Router.php on line 101
[10-Mar-2025 16:35:56 UTC] Initializing router...
[10-Mar-2025 16:35:56 UTC] Dispatching request...
[10-Mar-2025 16:35:56 UTC] Raw URL: /agoda/
[10-Mar-2025 16:35:56 UTC] URL after removing SITE_ROOT: /
[10-Mar-2025 16:35:56 UTC] Final processed URL: /
[10-Mar-2025 16:35:56 UTC] Processed URL: /
[10-Mar-2025 16:35:56 UTC] PHP Notice:  Use of undefined constant ROOT_PATH - assumed 'ROOT_PATH' in D:\APP\VertrigoServ\www\agoda\index.php on line 35
[10-Mar-2025 16:35:56 UTC] PHP Stack trace:
[10-Mar-2025 16:35:56 UTC] PHP   1. {main}() D:\APP\VertrigoServ\www\agoda\index.php:0
[10-Mar-2025 16:35:56 UTC] PHP   2. Core\Router->dispatch() D:\APP\VertrigoServ\www\agoda\index.php:72
[10-Mar-2025 16:35:56 UTC] PHP   3. Core\Router->runMiddleware() D:\APP\VertrigoServ\www\agoda\core\Router.php:106
[10-Mar-2025 16:35:56 UTC] PHP   4. Core\Router->Core\{closure}() D:\APP\VertrigoServ\www\agoda\core\Router.php:38
[10-Mar-2025 16:35:56 UTC] PHP   5. spl_autoload_call() D:\APP\VertrigoServ\www\agoda\core\Router.php:101
[10-Mar-2025 16:35:56 UTC] PHP   6. {closure:D:\APP\VertrigoServ\www\agoda\index.php:30-46}() D:\APP\VertrigoServ\www\agoda\core\Router.php:101
[10-Mar-2025 16:35:56 UTC] Could not load class: App\Controllers\HomeController from ROOT_PATH/App/Controllers/HomeController.php
[10-Mar-2025 16:35:56 UTC] PHP Fatal error:  Uncaught Error: Class 'App\Controllers\HomeController' not found in D:\APP\VertrigoServ\www\agoda\core\Router.php:101
Stack trace:
#0 D:\APP\VertrigoServ\www\agoda\core\Router.php(38): Core\Router->Core\{closure}()
#1 D:\APP\VertrigoServ\www\agoda\core\Router.php(106): Core\Router->runMiddleware(Array, Object(Closure))
#2 D:\APP\VertrigoServ\www\agoda\index.php(72): Core\Router->dispatch()
#3 {main}
  thrown in D:\APP\VertrigoServ\www\agoda\core\Router.php on line 101
[10-Mar-2025 16:35:56 UTC] Initializing router...
[10-Mar-2025 16:35:56 UTC] Dispatching request...
[10-Mar-2025 16:35:56 UTC] Raw URL: /agoda/
[10-Mar-2025 16:35:56 UTC] URL after removing SITE_ROOT: /
[10-Mar-2025 16:35:56 UTC] Final processed URL: /
[10-Mar-2025 16:35:56 UTC] Processed URL: /
[10-Mar-2025 16:35:56 UTC] PHP Notice:  Use of undefined constant ROOT_PATH - assumed 'ROOT_PATH' in D:\APP\VertrigoServ\www\agoda\index.php on line 35
[10-Mar-2025 16:35:56 UTC] PHP Stack trace:
[10-Mar-2025 16:35:56 UTC] PHP   1. {main}() D:\APP\VertrigoServ\www\agoda\index.php:0
[10-Mar-2025 16:35:56 UTC] PHP   2. Core\Router->dispatch() D:\APP\VertrigoServ\www\agoda\index.php:72
[10-Mar-2025 16:35:56 UTC] PHP   3. Core\Router->runMiddleware() D:\APP\VertrigoServ\www\agoda\core\Router.php:106
[10-Mar-2025 16:35:56 UTC] PHP   4. Core\Router->Core\{closure}() D:\APP\VertrigoServ\www\agoda\core\Router.php:38
[10-Mar-2025 16:35:56 UTC] PHP   5. spl_autoload_call() D:\APP\VertrigoServ\www\agoda\core\Router.php:101
[10-Mar-2025 16:35:56 UTC] PHP   6. {closure:D:\APP\VertrigoServ\www\agoda\index.php:30-46}() D:\APP\VertrigoServ\www\agoda\core\Router.php:101
[10-Mar-2025 16:35:56 UTC] Could not load class: App\Controllers\HomeController from ROOT_PATH/App/Controllers/HomeController.php
[10-Mar-2025 16:35:56 UTC] PHP Fatal error:  Uncaught Error: Class 'App\Controllers\HomeController' not found in D:\APP\VertrigoServ\www\agoda\core\Router.php:101
Stack trace:
#0 D:\APP\VertrigoServ\www\agoda\core\Router.php(38): Core\Router->Core\{closure}()
#1 D:\APP\VertrigoServ\www\agoda\core\Router.php(106): Core\Router->runMiddleware(Array, Object(Closure))
#2 D:\APP\VertrigoServ\www\agoda\index.php(72): Core\Router->dispatch()
#3 {main}
  thrown in D:\APP\VertrigoServ\www\agoda\core\Router.php on line 101
[10-Mar-2025 16:35:56 UTC] Initializing router...
[10-Mar-2025 16:35:56 UTC] Dispatching request...
[10-Mar-2025 16:35:56 UTC] Raw URL: /agoda/
[10-Mar-2025 16:35:56 UTC] URL after removing SITE_ROOT: /
[10-Mar-2025 16:35:56 UTC] Final processed URL: /
[10-Mar-2025 16:35:56 UTC] Processed URL: /
[10-Mar-2025 16:35:56 UTC] PHP Notice:  Use of undefined constant ROOT_PATH - assumed 'ROOT_PATH' in D:\APP\VertrigoServ\www\agoda\index.php on line 35
[10-Mar-2025 16:35:56 UTC] PHP Stack trace:
[10-Mar-2025 16:35:56 UTC] PHP   1. {main}() D:\APP\VertrigoServ\www\agoda\index.php:0
[10-Mar-2025 16:35:56 UTC] PHP   2. Core\Router->dispatch() D:\APP\VertrigoServ\www\agoda\index.php:72
[10-Mar-2025 16:35:56 UTC] PHP   3. Core\Router->runMiddleware() D:\APP\VertrigoServ\www\agoda\core\Router.php:106
[10-Mar-2025 16:35:56 UTC] PHP   4. Core\Router->Core\{closure}() D:\APP\VertrigoServ\www\agoda\core\Router.php:38
[10-Mar-2025 16:35:56 UTC] PHP   5. spl_autoload_call() D:\APP\VertrigoServ\www\agoda\core\Router.php:101
[10-Mar-2025 16:35:56 UTC] PHP   6. {closure:D:\APP\VertrigoServ\www\agoda\index.php:30-46}() D:\APP\VertrigoServ\www\agoda\core\Router.php:101
[10-Mar-2025 16:35:56 UTC] Could not load class: App\Controllers\HomeController from ROOT_PATH/App/Controllers/HomeController.php
[10-Mar-2025 16:35:56 UTC] PHP Fatal error:  Uncaught Error: Class 'App\Controllers\HomeController' not found in D:\APP\VertrigoServ\www\agoda\core\Router.php:101
Stack trace:
#0 D:\APP\VertrigoServ\www\agoda\core\Router.php(38): Core\Router->Core\{closure}()
#1 D:\APP\VertrigoServ\www\agoda\core\Router.php(106): Core\Router->runMiddleware(Array, Object(Closure))
#2 D:\APP\VertrigoServ\www\agoda\index.php(72): Core\Router->dispatch()
#3 {main}
  thrown in D:\APP\VertrigoServ\www\agoda\core\Router.php on line 101
[10-Mar-2025 16:35:57 UTC] Initializing router...
[10-Mar-2025 16:35:57 UTC] Dispatching request...
[10-Mar-2025 16:35:57 UTC] Raw URL: /agoda/
[10-Mar-2025 16:35:57 UTC] URL after removing SITE_ROOT: /
[10-Mar-2025 16:35:57 UTC] Final processed URL: /
[10-Mar-2025 16:35:57 UTC] Processed URL: /
[10-Mar-2025 16:35:57 UTC] PHP Notice:  Use of undefined constant ROOT_PATH - assumed 'ROOT_PATH' in D:\APP\VertrigoServ\www\agoda\index.php on line 35
[10-Mar-2025 16:35:57 UTC] PHP Stack trace:
[10-Mar-2025 16:35:57 UTC] PHP   1. {main}() D:\APP\VertrigoServ\www\agoda\index.php:0
[10-Mar-2025 16:35:57 UTC] PHP   2. Core\Router->dispatch() D:\APP\VertrigoServ\www\agoda\index.php:72
[10-Mar-2025 16:35:57 UTC] PHP   3. Core\Router->runMiddleware() D:\APP\VertrigoServ\www\agoda\core\Router.php:106
[10-Mar-2025 16:35:57 UTC] PHP   4. Core\Router->Core\{closure}() D:\APP\VertrigoServ\www\agoda\core\Router.php:38
[10-Mar-2025 16:35:57 UTC] PHP   5. spl_autoload_call() D:\APP\VertrigoServ\www\agoda\core\Router.php:101
[10-Mar-2025 16:35:57 UTC] PHP   6. {closure:D:\APP\VertrigoServ\www\agoda\index.php:30-46}() D:\APP\VertrigoServ\www\agoda\core\Router.php:101
[10-Mar-2025 16:35:57 UTC] Could not load class: App\Controllers\HomeController from ROOT_PATH/App/Controllers/HomeController.php
[10-Mar-2025 16:35:57 UTC] PHP Fatal error:  Uncaught Error: Class 'App\Controllers\HomeController' not found in D:\APP\VertrigoServ\www\agoda\core\Router.php:101
Stack trace:
#0 D:\APP\VertrigoServ\www\agoda\core\Router.php(38): Core\Router->Core\{closure}()
#1 D:\APP\VertrigoServ\www\agoda\core\Router.php(106): Core\Router->runMiddleware(Array, Object(Closure))
#2 D:\APP\VertrigoServ\www\agoda\index.php(72): Core\Router->dispatch()
#3 {main}
  thrown in D:\APP\VertrigoServ\www\agoda\core\Router.php on line 101
[10-Mar-2025 16:35:57 UTC] Initializing router...
[10-Mar-2025 16:35:57 UTC] Dispatching request...
[10-Mar-2025 16:35:57 UTC] Raw URL: /agoda/
[10-Mar-2025 16:35:57 UTC] URL after removing SITE_ROOT: /
[10-Mar-2025 16:35:57 UTC] Final processed URL: /
[10-Mar-2025 16:35:57 UTC] Processed URL: /
[10-Mar-2025 16:35:57 UTC] PHP Notice:  Use of undefined constant ROOT_PATH - assumed 'ROOT_PATH' in D:\APP\VertrigoServ\www\agoda\index.php on line 35
[10-Mar-2025 16:35:57 UTC] PHP Stack trace:
[10-Mar-2025 16:35:57 UTC] PHP   1. {main}() D:\APP\VertrigoServ\www\agoda\index.php:0
[10-Mar-2025 16:35:57 UTC] PHP   2. Core\Router->dispatch() D:\APP\VertrigoServ\www\agoda\index.php:72
[10-Mar-2025 16:35:57 UTC] PHP   3. Core\Router->runMiddleware() D:\APP\VertrigoServ\www\agoda\core\Router.php:106
[10-Mar-2025 16:35:57 UTC] PHP   4. Core\Router->Core\{closure}() D:\APP\VertrigoServ\www\agoda\core\Router.php:38
[10-Mar-2025 16:35:57 UTC] PHP   5. spl_autoload_call() D:\APP\VertrigoServ\www\agoda\core\Router.php:101
[10-Mar-2025 16:35:57 UTC] PHP   6. {closure:D:\APP\VertrigoServ\www\agoda\index.php:30-46}() D:\APP\VertrigoServ\www\agoda\core\Router.php:101
[10-Mar-2025 16:35:57 UTC] Could not load class: App\Controllers\HomeController from ROOT_PATH/App/Controllers/HomeController.php
[10-Mar-2025 16:35:57 UTC] PHP Fatal error:  Uncaught Error: Class 'App\Controllers\HomeController' not found in D:\APP\VertrigoServ\www\agoda\core\Router.php:101
Stack trace:
#0 D:\APP\VertrigoServ\www\agoda\core\Router.php(38): Core\Router->Core\{closure}()
#1 D:\APP\VertrigoServ\www\agoda\core\Router.php(106): Core\Router->runMiddleware(Array, Object(Closure))
#2 D:\APP\VertrigoServ\www\agoda\index.php(72): Core\Router->dispatch()
#3 {main}
  thrown in D:\APP\VertrigoServ\www\agoda\core\Router.php on line 101
[10-Mar-2025 16:35:57 UTC] Initializing router...
[10-Mar-2025 16:35:57 UTC] Dispatching request...
[10-Mar-2025 16:35:57 UTC] Raw URL: /agoda/
[10-Mar-2025 16:35:57 UTC] URL after removing SITE_ROOT: /
[10-Mar-2025 16:35:57 UTC] Final processed URL: /
[10-Mar-2025 16:35:57 UTC] Processed URL: /
[10-Mar-2025 16:35:57 UTC] PHP Notice:  Use of undefined constant ROOT_PATH - assumed 'ROOT_PATH' in D:\APP\VertrigoServ\www\agoda\index.php on line 35
[10-Mar-2025 16:35:57 UTC] PHP Stack trace:
[10-Mar-2025 16:35:57 UTC] PHP   1. {main}() D:\APP\VertrigoServ\www\agoda\index.php:0
[10-Mar-2025 16:35:57 UTC] PHP   2. Core\Router->dispatch() D:\APP\VertrigoServ\www\agoda\index.php:72
[10-Mar-2025 16:35:57 UTC] PHP   3. Core\Router->runMiddleware() D:\APP\VertrigoServ\www\agoda\core\Router.php:106
[10-Mar-2025 16:35:57 UTC] PHP   4. Core\Router->Core\{closure}() D:\APP\VertrigoServ\www\agoda\core\Router.php:38
[10-Mar-2025 16:35:57 UTC] PHP   5. spl_autoload_call() D:\APP\VertrigoServ\www\agoda\core\Router.php:101
[10-Mar-2025 16:35:57 UTC] PHP   6. {closure:D:\APP\VertrigoServ\www\agoda\index.php:30-46}() D:\APP\VertrigoServ\www\agoda\core\Router.php:101
[10-Mar-2025 16:35:57 UTC] Could not load class: App\Controllers\HomeController from ROOT_PATH/App/Controllers/HomeController.php
[10-Mar-2025 16:35:57 UTC] PHP Fatal error:  Uncaught Error: Class 'App\Controllers\HomeController' not found in D:\APP\VertrigoServ\www\agoda\core\Router.php:101
Stack trace:
#0 D:\APP\VertrigoServ\www\agoda\core\Router.php(38): Core\Router->Core\{closure}()
#1 D:\APP\VertrigoServ\www\agoda\core\Router.php(106): Core\Router->runMiddleware(Array, Object(Closure))
#2 D:\APP\VertrigoServ\www\agoda\index.php(72): Core\Router->dispatch()
#3 {main}
  thrown in D:\APP\VertrigoServ\www\agoda\core\Router.php on line 101
[10-Mar-2025 16:35:57 UTC] Initializing router...
[10-Mar-2025 16:35:57 UTC] Dispatching request...
[10-Mar-2025 16:35:57 UTC] Raw URL: /agoda/
[10-Mar-2025 16:35:57 UTC] URL after removing SITE_ROOT: /
[10-Mar-2025 16:35:57 UTC] Final processed URL: /
[10-Mar-2025 16:35:57 UTC] Processed URL: /
[10-Mar-2025 16:35:57 UTC] PHP Notice:  Use of undefined constant ROOT_PATH - assumed 'ROOT_PATH' in D:\APP\VertrigoServ\www\agoda\index.php on line 35
[10-Mar-2025 16:35:57 UTC] PHP Stack trace:
[10-Mar-2025 16:35:57 UTC] PHP   1. {main}() D:\APP\VertrigoServ\www\agoda\index.php:0
[10-Mar-2025 16:35:57 UTC] PHP   2. Core\Router->dispatch() D:\APP\VertrigoServ\www\agoda\index.php:72
[10-Mar-2025 16:35:57 UTC] PHP   3. Core\Router->runMiddleware() D:\APP\VertrigoServ\www\agoda\core\Router.php:106
[10-Mar-2025 16:35:57 UTC] PHP   4. Core\Router->Core\{closure}() D:\APP\VertrigoServ\www\agoda\core\Router.php:38
[10-Mar-2025 16:35:57 UTC] PHP   5. spl_autoload_call() D:\APP\VertrigoServ\www\agoda\core\Router.php:101
[10-Mar-2025 16:35:57 UTC] PHP   6. {closure:D:\APP\VertrigoServ\www\agoda\index.php:30-46}() D:\APP\VertrigoServ\www\agoda\core\Router.php:101
[10-Mar-2025 16:35:57 UTC] Could not load class: App\Controllers\HomeController from ROOT_PATH/App/Controllers/HomeController.php
[10-Mar-2025 16:35:57 UTC] PHP Fatal error:  Uncaught Error: Class 'App\Controllers\HomeController' not found in D:\APP\VertrigoServ\www\agoda\core\Router.php:101
Stack trace:
#0 D:\APP\VertrigoServ\www\agoda\core\Router.php(38): Core\Router->Core\{closure}()
#1 D:\APP\VertrigoServ\www\agoda\core\Router.php(106): Core\Router->runMiddleware(Array, Object(Closure))
#2 D:\APP\VertrigoServ\www\agoda\index.php(72): Core\Router->dispatch()
#3 {main}
  thrown in D:\APP\VertrigoServ\www\agoda\core\Router.php on line 101
[10-Mar-2025 16:35:57 UTC] Initializing router...
[10-Mar-2025 16:35:57 UTC] Dispatching request...
[10-Mar-2025 16:35:57 UTC] Raw URL: /agoda/
[10-Mar-2025 16:35:57 UTC] URL after removing SITE_ROOT: /
[10-Mar-2025 16:35:57 UTC] Final processed URL: /
[10-Mar-2025 16:35:57 UTC] Processed URL: /
[10-Mar-2025 16:35:57 UTC] PHP Notice:  Use of undefined constant ROOT_PATH - assumed 'ROOT_PATH' in D:\APP\VertrigoServ\www\agoda\index.php on line 35
[10-Mar-2025 16:35:57 UTC] PHP Stack trace:
[10-Mar-2025 16:35:57 UTC] PHP   1. {main}() D:\APP\VertrigoServ\www\agoda\index.php:0
[10-Mar-2025 16:35:57 UTC] PHP   2. Core\Router->dispatch() D:\APP\VertrigoServ\www\agoda\index.php:72
[10-Mar-2025 16:35:57 UTC] PHP   3. Core\Router->runMiddleware() D:\APP\VertrigoServ\www\agoda\core\Router.php:106
[10-Mar-2025 16:35:57 UTC] PHP   4. Core\Router->Core\{closure}() D:\APP\VertrigoServ\www\agoda\core\Router.php:38
[10-Mar-2025 16:35:57 UTC] PHP   5. spl_autoload_call() D:\APP\VertrigoServ\www\agoda\core\Router.php:101
[10-Mar-2025 16:35:57 UTC] PHP   6. {closure:D:\APP\VertrigoServ\www\agoda\index.php:30-46}() D:\APP\VertrigoServ\www\agoda\core\Router.php:101
[10-Mar-2025 16:35:57 UTC] Could not load class: App\Controllers\HomeController from ROOT_PATH/App/Controllers/HomeController.php
[10-Mar-2025 16:35:57 UTC] PHP Fatal error:  Uncaught Error: Class 'App\Controllers\HomeController' not found in D:\APP\VertrigoServ\www\agoda\core\Router.php:101
Stack trace:
#0 D:\APP\VertrigoServ\www\agoda\core\Router.php(38): Core\Router->Core\{closure}()
#1 D:\APP\VertrigoServ\www\agoda\core\Router.php(106): Core\Router->runMiddleware(Array, Object(Closure))
#2 D:\APP\VertrigoServ\www\agoda\index.php(72): Core\Router->dispatch()
#3 {main}
  thrown in D:\APP\VertrigoServ\www\agoda\core\Router.php on line 101
[10-Mar-2025 16:35:58 UTC] Initializing router...
[10-Mar-2025 16:35:58 UTC] Dispatching request...
[10-Mar-2025 16:35:58 UTC] Raw URL: /agoda/
[10-Mar-2025 16:35:58 UTC] URL after removing SITE_ROOT: /
[10-Mar-2025 16:35:58 UTC] Final processed URL: /
[10-Mar-2025 16:35:58 UTC] Processed URL: /
[10-Mar-2025 16:35:58 UTC] PHP Notice:  Use of undefined constant ROOT_PATH - assumed 'ROOT_PATH' in D:\APP\VertrigoServ\www\agoda\index.php on line 35
[10-Mar-2025 16:35:58 UTC] PHP Stack trace:
[10-Mar-2025 16:35:58 UTC] PHP   1. {main}() D:\APP\VertrigoServ\www\agoda\index.php:0
[10-Mar-2025 16:35:58 UTC] PHP   2. Core\Router->dispatch() D:\APP\VertrigoServ\www\agoda\index.php:72
[10-Mar-2025 16:35:58 UTC] PHP   3. Core\Router->runMiddleware() D:\APP\VertrigoServ\www\agoda\core\Router.php:106
[10-Mar-2025 16:35:58 UTC] PHP   4. Core\Router->Core\{closure}() D:\APP\VertrigoServ\www\agoda\core\Router.php:38
[10-Mar-2025 16:35:58 UTC] PHP   5. spl_autoload_call() D:\APP\VertrigoServ\www\agoda\core\Router.php:101
[10-Mar-2025 16:35:58 UTC] PHP   6. {closure:D:\APP\VertrigoServ\www\agoda\index.php:30-46}() D:\APP\VertrigoServ\www\agoda\core\Router.php:101
[10-Mar-2025 16:35:58 UTC] Could not load class: App\Controllers\HomeController from ROOT_PATH/App/Controllers/HomeController.php
[10-Mar-2025 16:35:58 UTC] PHP Fatal error:  Uncaught Error: Class 'App\Controllers\HomeController' not found in D:\APP\VertrigoServ\www\agoda\core\Router.php:101
Stack trace:
#0 D:\APP\VertrigoServ\www\agoda\core\Router.php(38): Core\Router->Core\{closure}()
#1 D:\APP\VertrigoServ\www\agoda\core\Router.php(106): Core\Router->runMiddleware(Array, Object(Closure))
#2 D:\APP\VertrigoServ\www\agoda\index.php(72): Core\Router->dispatch()
#3 {main}
  thrown in D:\APP\VertrigoServ\www\agoda\core\Router.php on line 101
[10-Mar-2025 16:35:58 UTC] Initializing router...
[10-Mar-2025 16:35:58 UTC] Dispatching request...
[10-Mar-2025 16:35:58 UTC] Raw URL: /agoda/
[10-Mar-2025 16:35:58 UTC] URL after removing SITE_ROOT: /
[10-Mar-2025 16:35:58 UTC] Final processed URL: /
[10-Mar-2025 16:35:58 UTC] Processed URL: /
[10-Mar-2025 16:35:58 UTC] PHP Notice:  Use of undefined constant ROOT_PATH - assumed 'ROOT_PATH' in D:\APP\VertrigoServ\www\agoda\index.php on line 35
[10-Mar-2025 16:35:58 UTC] PHP Stack trace:
[10-Mar-2025 16:35:58 UTC] PHP   1. {main}() D:\APP\VertrigoServ\www\agoda\index.php:0
[10-Mar-2025 16:35:58 UTC] PHP   2. Core\Router->dispatch() D:\APP\VertrigoServ\www\agoda\index.php:72
[10-Mar-2025 16:35:58 UTC] PHP   3. Core\Router->runMiddleware() D:\APP\VertrigoServ\www\agoda\core\Router.php:106
[10-Mar-2025 16:35:58 UTC] PHP   4. Core\Router->Core\{closure}() D:\APP\VertrigoServ\www\agoda\core\Router.php:38
[10-Mar-2025 16:35:58 UTC] PHP   5. spl_autoload_call() D:\APP\VertrigoServ\www\agoda\core\Router.php:101
[10-Mar-2025 16:35:58 UTC] PHP   6. {closure:D:\APP\VertrigoServ\www\agoda\index.php:30-46}() D:\APP\VertrigoServ\www\agoda\core\Router.php:101
[10-Mar-2025 16:35:58 UTC] Could not load class: App\Controllers\HomeController from ROOT_PATH/App/Controllers/HomeController.php
[10-Mar-2025 16:35:58 UTC] PHP Fatal error:  Uncaught Error: Class 'App\Controllers\HomeController' not found in D:\APP\VertrigoServ\www\agoda\core\Router.php:101
Stack trace:
#0 D:\APP\VertrigoServ\www\agoda\core\Router.php(38): Core\Router->Core\{closure}()
#1 D:\APP\VertrigoServ\www\agoda\core\Router.php(106): Core\Router->runMiddleware(Array, Object(Closure))
#2 D:\APP\VertrigoServ\www\agoda\index.php(72): Core\Router->dispatch()
#3 {main}
  thrown in D:\APP\VertrigoServ\www\agoda\core\Router.php on line 101
[10-Mar-2025 16:35:58 UTC] Initializing router...
[10-Mar-2025 16:35:58 UTC] Dispatching request...
[10-Mar-2025 16:35:58 UTC] Raw URL: /agoda/
[10-Mar-2025 16:35:58 UTC] URL after removing SITE_ROOT: /
[10-Mar-2025 16:35:58 UTC] Final processed URL: /
[10-Mar-2025 16:35:58 UTC] Processed URL: /
[10-Mar-2025 16:35:58 UTC] PHP Notice:  Use of undefined constant ROOT_PATH - assumed 'ROOT_PATH' in D:\APP\VertrigoServ\www\agoda\index.php on line 35
[10-Mar-2025 16:35:58 UTC] PHP Stack trace:
[10-Mar-2025 16:35:58 UTC] PHP   1. {main}() D:\APP\VertrigoServ\www\agoda\index.php:0
[10-Mar-2025 16:35:58 UTC] PHP   2. Core\Router->dispatch() D:\APP\VertrigoServ\www\agoda\index.php:72
[10-Mar-2025 16:35:58 UTC] PHP   3. Core\Router->runMiddleware() D:\APP\VertrigoServ\www\agoda\core\Router.php:106
[10-Mar-2025 16:35:58 UTC] PHP   4. Core\Router->Core\{closure}() D:\APP\VertrigoServ\www\agoda\core\Router.php:38
[10-Mar-2025 16:35:58 UTC] PHP   5. spl_autoload_call() D:\APP\VertrigoServ\www\agoda\core\Router.php:101
[10-Mar-2025 16:35:58 UTC] PHP   6. {closure:D:\APP\VertrigoServ\www\agoda\index.php:30-46}() D:\APP\VertrigoServ\www\agoda\core\Router.php:101
[10-Mar-2025 16:35:58 UTC] Could not load class: App\Controllers\HomeController from ROOT_PATH/App/Controllers/HomeController.php
[10-Mar-2025 16:35:58 UTC] PHP Fatal error:  Uncaught Error: Class 'App\Controllers\HomeController' not found in D:\APP\VertrigoServ\www\agoda\core\Router.php:101
Stack trace:
#0 D:\APP\VertrigoServ\www\agoda\core\Router.php(38): Core\Router->Core\{closure}()
#1 D:\APP\VertrigoServ\www\agoda\core\Router.php(106): Core\Router->runMiddleware(Array, Object(Closure))
#2 D:\APP\VertrigoServ\www\agoda\index.php(72): Core\Router->dispatch()
#3 {main}
  thrown in D:\APP\VertrigoServ\www\agoda\core\Router.php on line 101
[10-Mar-2025 16:35:58 UTC] Initializing router...
[10-Mar-2025 16:35:58 UTC] Dispatching request...
[10-Mar-2025 16:35:58 UTC] Raw URL: /agoda/
[10-Mar-2025 16:35:58 UTC] URL after removing SITE_ROOT: /
[10-Mar-2025 16:35:58 UTC] Final processed URL: /
[10-Mar-2025 16:35:58 UTC] Processed URL: /
[10-Mar-2025 16:35:58 UTC] PHP Notice:  Use of undefined constant ROOT_PATH - assumed 'ROOT_PATH' in D:\APP\VertrigoServ\www\agoda\index.php on line 35
[10-Mar-2025 16:35:58 UTC] PHP Stack trace:
[10-Mar-2025 16:35:58 UTC] PHP   1. {main}() D:\APP\VertrigoServ\www\agoda\index.php:0
[10-Mar-2025 16:35:58 UTC] PHP   2. Core\Router->dispatch() D:\APP\VertrigoServ\www\agoda\index.php:72
[10-Mar-2025 16:35:58 UTC] PHP   3. Core\Router->runMiddleware() D:\APP\VertrigoServ\www\agoda\core\Router.php:106
[10-Mar-2025 16:35:58 UTC] PHP   4. Core\Router->Core\{closure}() D:\APP\VertrigoServ\www\agoda\core\Router.php:38
[10-Mar-2025 16:35:58 UTC] PHP   5. spl_autoload_call() D:\APP\VertrigoServ\www\agoda\core\Router.php:101
[10-Mar-2025 16:35:58 UTC] PHP   6. {closure:D:\APP\VertrigoServ\www\agoda\index.php:30-46}() D:\APP\VertrigoServ\www\agoda\core\Router.php:101
[10-Mar-2025 16:35:58 UTC] Could not load class: App\Controllers\HomeController from ROOT_PATH/App/Controllers/HomeController.php
[10-Mar-2025 16:35:58 UTC] PHP Fatal error:  Uncaught Error: Class 'App\Controllers\HomeController' not found in D:\APP\VertrigoServ\www\agoda\core\Router.php:101
Stack trace:
#0 D:\APP\VertrigoServ\www\agoda\core\Router.php(38): Core\Router->Core\{closure}()
#1 D:\APP\VertrigoServ\www\agoda\core\Router.php(106): Core\Router->runMiddleware(Array, Object(Closure))
#2 D:\APP\VertrigoServ\www\agoda\index.php(72): Core\Router->dispatch()
#3 {main}
  thrown in D:\APP\VertrigoServ\www\agoda\core\Router.php on line 101
[10-Mar-2025 16:35:58 UTC] Initializing router...
[10-Mar-2025 16:35:58 UTC] Dispatching request...
[10-Mar-2025 16:35:58 UTC] Raw URL: /agoda/
[10-Mar-2025 16:35:58 UTC] URL after removing SITE_ROOT: /
[10-Mar-2025 16:35:58 UTC] Final processed URL: /
[10-Mar-2025 16:35:58 UTC] Processed URL: /
[10-Mar-2025 16:35:58 UTC] PHP Notice:  Use of undefined constant ROOT_PATH - assumed 'ROOT_PATH' in D:\APP\VertrigoServ\www\agoda\index.php on line 35
[10-Mar-2025 16:35:58 UTC] PHP Stack trace:
[10-Mar-2025 16:35:58 UTC] PHP   1. {main}() D:\APP\VertrigoServ\www\agoda\index.php:0
[10-Mar-2025 16:35:58 UTC] PHP   2. Core\Router->dispatch() D:\APP\VertrigoServ\www\agoda\index.php:72
[10-Mar-2025 16:35:58 UTC] PHP   3. Core\Router->runMiddleware() D:\APP\VertrigoServ\www\agoda\core\Router.php:106
[10-Mar-2025 16:35:58 UTC] PHP   4. Core\Router->Core\{closure}() D:\APP\VertrigoServ\www\agoda\core\Router.php:38
[10-Mar-2025 16:35:58 UTC] PHP   5. spl_autoload_call() D:\APP\VertrigoServ\www\agoda\core\Router.php:101
[10-Mar-2025 16:35:58 UTC] PHP   6. {closure:D:\APP\VertrigoServ\www\agoda\index.php:30-46}() D:\APP\VertrigoServ\www\agoda\core\Router.php:101
[10-Mar-2025 16:35:58 UTC] Could not load class: App\Controllers\HomeController from ROOT_PATH/App/Controllers/HomeController.php
[10-Mar-2025 16:35:58 UTC] PHP Fatal error:  Uncaught Error: Class 'App\Controllers\HomeController' not found in D:\APP\VertrigoServ\www\agoda\core\Router.php:101
Stack trace:
#0 D:\APP\VertrigoServ\www\agoda\core\Router.php(38): Core\Router->Core\{closure}()
#1 D:\APP\VertrigoServ\www\agoda\core\Router.php(106): Core\Router->runMiddleware(Array, Object(Closure))
#2 D:\APP\VertrigoServ\www\agoda\index.php(72): Core\Router->dispatch()
#3 {main}
  thrown in D:\APP\VertrigoServ\www\agoda\core\Router.php on line 101
[10-Mar-2025 16:36:29 UTC] Initializing router...
[10-Mar-2025 16:36:29 UTC] Dispatching request...
[10-Mar-2025 16:36:29 UTC] Raw URL: /agoda/public/images/cities//public/images/cities/?%C3%A0-l?t.jpg
[10-Mar-2025 16:36:29 UTC] URL after removing SITE_ROOT: /public/images/cities//public/images/cities/?%C3%A0-l?t.jpg
[10-Mar-2025 16:36:29 UTC] Initializing router...
[10-Mar-2025 16:36:29 UTC] Final processed URL: /public/images/cities//public/images/cities/?%C3%A0-l?t.jpg
[10-Mar-2025 16:36:29 UTC] Dispatching request...
[10-Mar-2025 16:36:29 UTC] Processed URL: /public/images/cities//public/images/cities/?%C3%A0-l?t.jpg
[10-Mar-2025 16:36:29 UTC] Raw URL: /agoda/public/images/cities//public/images/cities/h%C3%A0-n?i.jpg
[10-Mar-2025 16:36:29 UTC] Main error: Route not found: /public/images/cities//public/images/cities/?%C3%A0-l?t.jpg
[10-Mar-2025 16:36:29 UTC] URL after removing SITE_ROOT: /public/images/cities//public/images/cities/h%C3%A0-n?i.jpg
[10-Mar-2025 16:36:29 UTC] #0 D:\APP\VertrigoServ\www\agoda\index.php(72): Core\Router->dispatch()
#1 {main}
[10-Mar-2025 16:36:29 UTC] Final processed URL: /public/images/cities//public/images/cities/h%C3%A0-n?i.jpg
[10-Mar-2025 16:36:29 UTC] Processed URL: /public/images/cities//public/images/cities/h%C3%A0-n?i.jpg
[10-Mar-2025 16:36:29 UTC] Main error: Route not found: /public/images/cities//public/images/cities/h%C3%A0-n?i.jpg
[10-Mar-2025 16:36:29 UTC] #0 D:\APP\VertrigoServ\www\agoda\index.php(72): Core\Router->dispatch()
#1 {main}
[10-Mar-2025 16:36:29 UTC] Initializing router...
[10-Mar-2025 16:36:29 UTC] Dispatching request...
[10-Mar-2025 16:36:29 UTC] Raw URL: /agoda/public/images/cities//public/images/cities/?%C3%A0-n?ng.jpg
[10-Mar-2025 16:36:29 UTC] URL after removing SITE_ROOT: /public/images/cities//public/images/cities/?%C3%A0-n?ng.jpg
[10-Mar-2025 16:36:29 UTC] Initializing router...
[10-Mar-2025 16:36:29 UTC] Final processed URL: /public/images/cities//public/images/cities/?%C3%A0-n?ng.jpg
[10-Mar-2025 16:36:29 UTC] Dispatching request...
[10-Mar-2025 16:36:29 UTC] Processed URL: /public/images/cities//public/images/cities/?%C3%A0-n?ng.jpg
[10-Mar-2025 16:36:29 UTC] Initializing router...
[10-Mar-2025 16:36:29 UTC] Raw URL: /agoda/public/images/cities//public/images/cities/h?-ch%C3%AD-minh.jpg
[10-Mar-2025 16:36:29 UTC] Main error: Route not found: /public/images/cities//public/images/cities/?%C3%A0-n?ng.jpg
[10-Mar-2025 16:36:29 UTC] Initializing router...
[10-Mar-2025 16:36:29 UTC] Dispatching request...
[10-Mar-2025 16:36:29 UTC] URL after removing SITE_ROOT: /public/images/cities//public/images/cities/h?-ch%C3%AD-minh.jpg
[10-Mar-2025 16:36:29 UTC] #0 D:\APP\VertrigoServ\www\agoda\index.php(72): Core\Router->dispatch()
#1 {main}
[10-Mar-2025 16:36:29 UTC] Dispatching request...
[10-Mar-2025 16:36:29 UTC] Raw URL: /agoda/public/images/cities//public/images/cities/h?i-ph%C3%B2ng.jpg
[10-Mar-2025 16:36:29 UTC] Final processed URL: /public/images/cities//public/images/cities/h?-ch%C3%AD-minh.jpg
[10-Mar-2025 16:36:29 UTC] Raw URL: /agoda/public/images/cities//public/images/cities/nha-trang.jpg
[10-Mar-2025 16:36:29 UTC] URL after removing SITE_ROOT: /public/images/cities//public/images/cities/h?i-ph%C3%B2ng.jpg
[10-Mar-2025 16:36:29 UTC] Processed URL: /public/images/cities//public/images/cities/h?-ch%C3%AD-minh.jpg
[10-Mar-2025 16:36:29 UTC] URL after removing SITE_ROOT: /public/images/cities//public/images/cities/nha-trang.jpg
[10-Mar-2025 16:36:29 UTC] Final processed URL: /public/images/cities//public/images/cities/h?i-ph%C3%B2ng.jpg
[10-Mar-2025 16:36:29 UTC] Final processed URL: /public/images/cities//public/images/cities/nha-trang.jpg
[10-Mar-2025 16:36:29 UTC] Main error: Route not found: /public/images/cities//public/images/cities/h?-ch%C3%AD-minh.jpg
[10-Mar-2025 16:36:29 UTC] Processed URL: /public/images/cities//public/images/cities/h?i-ph%C3%B2ng.jpg
[10-Mar-2025 16:36:29 UTC] Processed URL: /public/images/cities//public/images/cities/nha-trang.jpg
[10-Mar-2025 16:36:29 UTC] #0 D:\APP\VertrigoServ\www\agoda\index.php(72): Core\Router->dispatch()
#1 {main}
[10-Mar-2025 16:36:29 UTC] Main error: Route not found: /public/images/cities//public/images/cities/h?i-ph%C3%B2ng.jpg
[10-Mar-2025 16:36:29 UTC] Main error: Route not found: /public/images/cities//public/images/cities/nha-trang.jpg
[10-Mar-2025 16:36:29 UTC] #0 D:\APP\VertrigoServ\www\agoda\index.php(72): Core\Router->dispatch()
#1 {main}
[10-Mar-2025 16:36:29 UTC] #0 D:\APP\VertrigoServ\www\agoda\index.php(72): Core\Router->dispatch()
#1 {main}
[10-Mar-2025 16:38:50 UTC] Initializing router...
[10-Mar-2025 16:38:50 UTC] Dispatching request...
[10-Mar-2025 16:38:50 UTC] Original URL: /agoda/
[10-Mar-2025 16:38:50 UTC] After removing SITE_ROOT: /
[10-Mar-2025 16:38:50 UTC] Final URL: /
[10-Mar-2025 16:38:54 UTC] Initializing router...
[10-Mar-2025 16:38:54 UTC] Dispatching request...
[10-Mar-2025 16:38:54 UTC] Original URL: /agoda/login
[10-Mar-2025 16:38:54 UTC] After removing SITE_ROOT: /login
[10-Mar-2025 16:38:54 UTC] Final URL: /login
[10-Mar-2025 16:38:54 UTC] Main error: Route not found: /login
[10-Mar-2025 16:38:54 UTC] #0 D:\APP\VertrigoServ\www\agoda\index.php(72): Core\Router->dispatch()
#1 {main}
[10-Mar-2025 16:40:12 UTC] Initializing router...
[10-Mar-2025 16:40:12 UTC] Dispatching request...
[10-Mar-2025 16:40:12 UTC] Original URL: /agoda/
[10-Mar-2025 16:40:12 UTC] After removing SITE_ROOT: /
[10-Mar-2025 16:40:12 UTC] Final URL: /
[10-Mar-2025 16:40:13 UTC] Initializing router...
[10-Mar-2025 16:40:13 UTC] Dispatching request...
[10-Mar-2025 16:40:13 UTC] Original URL: /agoda/login
[10-Mar-2025 16:40:13 UTC] After removing SITE_ROOT: /login
[10-Mar-2025 16:40:13 UTC] Final URL: /login
[10-Mar-2025 16:40:13 UTC] Main error: Route not found: /login
[10-Mar-2025 16:40:13 UTC] #0 D:\APP\VertrigoServ\www\agoda\index.php(72): Core\Router->dispatch()
#1 {main}
[10-Mar-2025 16:40:15 UTC] Initializing router...
[10-Mar-2025 16:40:15 UTC] Dispatching request...
[10-Mar-2025 16:40:15 UTC] Original URL: /agoda/register
[10-Mar-2025 16:40:15 UTC] After removing SITE_ROOT: /register
[10-Mar-2025 16:40:15 UTC] Final URL: /register
[10-Mar-2025 16:40:15 UTC] Main error: Route not found: /register
[10-Mar-2025 16:40:15 UTC] #0 D:\APP\VertrigoServ\www\agoda\index.php(72): Core\Router->dispatch()
#1 {main}
[10-Mar-2025 16:40:18 UTC] Initializing router...
[10-Mar-2025 16:40:18 UTC] Dispatching request...
[10-Mar-2025 16:40:18 UTC] Original URL: /agoda/login
[10-Mar-2025 16:40:18 UTC] After removing SITE_ROOT: /login
[10-Mar-2025 16:40:18 UTC] Final URL: /login
[10-Mar-2025 16:40:18 UTC] Main error: Route not found: /login
[10-Mar-2025 16:40:18 UTC] #0 D:\APP\VertrigoServ\www\agoda\index.php(72): Core\Router->dispatch()
#1 {main}
[10-Mar-2025 16:41:55 UTC] Dispatching request...
[10-Mar-2025 16:41:55 UTC] Original URL: /agoda/login
[10-Mar-2025 16:41:55 UTC] Processing URL: /login
[10-Mar-2025 16:41:58 UTC] Dispatching request...
[10-Mar-2025 16:41:58 UTC] Original URL: /agoda/login
[10-Mar-2025 16:41:58 UTC] Processing URL: /login
[10-Mar-2025 16:41:59 UTC] Dispatching request...
[10-Mar-2025 16:41:59 UTC] Original URL: /agoda/login
[10-Mar-2025 16:41:59 UTC] Processing URL: /login
[10-Mar-2025 16:42:00 UTC] Dispatching request...
[10-Mar-2025 16:42:00 UTC] Original URL: /agoda/
[10-Mar-2025 16:42:00 UTC] Processing URL: /
[10-Mar-2025 16:42:01 UTC] Dispatching request...
[10-Mar-2025 16:42:01 UTC] Original URL: /agoda/login
[10-Mar-2025 16:42:01 UTC] Processing URL: /login
[10-Mar-2025 16:42:01 UTC] Dispatching request...
[10-Mar-2025 16:42:01 UTC] Original URL: /agoda/login
[10-Mar-2025 16:42:01 UTC] Processing URL: /login
[10-Mar-2025 16:42:02 UTC] Dispatching request...
[10-Mar-2025 16:42:02 UTC] Original URL: /agoda/register
[10-Mar-2025 16:42:02 UTC] Processing URL: /register
[10-Mar-2025 16:42:03 UTC] Dispatching request...
[10-Mar-2025 16:42:03 UTC] Original URL: /agoda/login
[10-Mar-2025 16:42:03 UTC] Processing URL: /login
[10-Mar-2025 16:42:04 UTC] Dispatching request...
[10-Mar-2025 16:42:04 UTC] Original URL: /agoda/register
[10-Mar-2025 16:42:04 UTC] Processing URL: /register
[10-Mar-2025 16:42:04 UTC] Dispatching request...
[10-Mar-2025 16:42:04 UTC] Original URL: /agoda/login
[10-Mar-2025 16:42:04 UTC] Processing URL: /login
[10-Mar-2025 16:44:47 UTC] Adding route: / => HomeController@index
[10-Mar-2025 16:44:47 UTC] Adding route: /login => AuthController@login
[10-Mar-2025 16:44:47 UTC] Adding route: /register => AuthController@register
[10-Mar-2025 16:44:47 UTC] Adding route: /logout => AuthController@logout
[10-Mar-2025 16:44:47 UTC] Adding route: /forgot-password => AuthController@forgotPassword
[10-Mar-2025 16:44:47 UTC] Adding route: /profile => UserController@profile
[10-Mar-2025 16:44:47 UTC] Adding route: /booking/(\d+) => BookingController@create
[10-Mar-2025 16:44:47 UTC] Adding route: /hotels/(\d+) => HotelController@show
[10-Mar-2025 16:44:47 UTC] Adding route: /hotels => HotelController@index
[10-Mar-2025 16:44:47 UTC] Starting dispatch...
[10-Mar-2025 16:44:47 UTC] Raw URL: /agoda/login
[10-Mar-2025 16:44:47 UTC] Cleaned URL for matching: /login
[10-Mar-2025 16:44:47 UTC] Matching URL: /login
[10-Mar-2025 16:44:47 UTC] Testing against route: /
[10-Mar-2025 16:44:47 UTC] Testing against route: /login
[10-Mar-2025 16:44:47 UTC] Found handler: AuthController@login
[10-Mar-2025 16:44:49 UTC] Adding route: / => HomeController@index
[10-Mar-2025 16:44:49 UTC] Adding route: /login => AuthController@login
[10-Mar-2025 16:44:49 UTC] Adding route: /register => AuthController@register
[10-Mar-2025 16:44:49 UTC] Adding route: /logout => AuthController@logout
[10-Mar-2025 16:44:49 UTC] Adding route: /forgot-password => AuthController@forgotPassword
[10-Mar-2025 16:44:49 UTC] Adding route: /profile => UserController@profile
[10-Mar-2025 16:44:49 UTC] Adding route: /booking/(\d+) => BookingController@create
[10-Mar-2025 16:44:49 UTC] Adding route: /hotels/(\d+) => HotelController@show
[10-Mar-2025 16:44:49 UTC] Adding route: /hotels => HotelController@index
[10-Mar-2025 16:44:49 UTC] Starting dispatch...
[10-Mar-2025 16:44:49 UTC] Raw URL: /agoda/
[10-Mar-2025 16:44:49 UTC] Cleaned URL for matching: /
[10-Mar-2025 16:44:49 UTC] Matching URL: /
[10-Mar-2025 16:44:49 UTC] Testing against route: /
[10-Mar-2025 16:44:49 UTC] Found handler: HomeController@index
[10-Mar-2025 16:44:50 UTC] Adding route: / => HomeController@index
[10-Mar-2025 16:44:50 UTC] Adding route: /login => AuthController@login
[10-Mar-2025 16:44:50 UTC] Adding route: /register => AuthController@register
[10-Mar-2025 16:44:50 UTC] Adding route: /logout => AuthController@logout
[10-Mar-2025 16:44:50 UTC] Adding route: /forgot-password => AuthController@forgotPassword
[10-Mar-2025 16:44:50 UTC] Adding route: /profile => UserController@profile
[10-Mar-2025 16:44:50 UTC] Adding route: /booking/(\d+) => BookingController@create
[10-Mar-2025 16:44:50 UTC] Adding route: /hotels/(\d+) => HotelController@show
[10-Mar-2025 16:44:50 UTC] Adding route: /hotels => HotelController@index
[10-Mar-2025 16:44:50 UTC] Starting dispatch...
[10-Mar-2025 16:44:50 UTC] Raw URL: /agoda/login
[10-Mar-2025 16:44:50 UTC] Cleaned URL for matching: /login
[10-Mar-2025 16:44:50 UTC] Matching URL: /login
[10-Mar-2025 16:44:50 UTC] Testing against route: /
[10-Mar-2025 16:44:50 UTC] Testing against route: /login
[10-Mar-2025 16:44:50 UTC] Found handler: AuthController@login
[10-Mar-2025 16:44:51 UTC] Adding route: / => HomeController@index
[10-Mar-2025 16:44:51 UTC] Adding route: /login => AuthController@login
[10-Mar-2025 16:44:51 UTC] Adding route: /register => AuthController@register
[10-Mar-2025 16:44:51 UTC] Adding route: /logout => AuthController@logout
[10-Mar-2025 16:44:51 UTC] Adding route: /forgot-password => AuthController@forgotPassword
[10-Mar-2025 16:44:51 UTC] Adding route: /profile => UserController@profile
[10-Mar-2025 16:44:51 UTC] Adding route: /booking/(\d+) => BookingController@create
[10-Mar-2025 16:44:51 UTC] Adding route: /hotels/(\d+) => HotelController@show
[10-Mar-2025 16:44:51 UTC] Adding route: /hotels => HotelController@index
[10-Mar-2025 16:44:51 UTC] Starting dispatch...
[10-Mar-2025 16:44:51 UTC] Raw URL: /agoda/register
[10-Mar-2025 16:44:51 UTC] Cleaned URL for matching: /register
[10-Mar-2025 16:44:51 UTC] Matching URL: /register
[10-Mar-2025 16:44:51 UTC] Testing against route: /
[10-Mar-2025 16:44:51 UTC] Testing against route: /login
[10-Mar-2025 16:44:51 UTC] Testing against route: /register
[10-Mar-2025 16:44:51 UTC] Found handler: AuthController@register
[10-Mar-2025 16:44:52 UTC] Adding route: / => HomeController@index
[10-Mar-2025 16:44:52 UTC] Adding route: /login => AuthController@login
[10-Mar-2025 16:44:52 UTC] Adding route: /register => AuthController@register
[10-Mar-2025 16:44:52 UTC] Adding route: /logout => AuthController@logout
[10-Mar-2025 16:44:52 UTC] Adding route: /forgot-password => AuthController@forgotPassword
[10-Mar-2025 16:44:52 UTC] Adding route: /profile => UserController@profile
[10-Mar-2025 16:44:52 UTC] Adding route: /booking/(\d+) => BookingController@create
[10-Mar-2025 16:44:52 UTC] Adding route: /hotels/(\d+) => HotelController@show
[10-Mar-2025 16:44:52 UTC] Adding route: /hotels => HotelController@index
[10-Mar-2025 16:44:52 UTC] Starting dispatch...
[10-Mar-2025 16:44:52 UTC] Raw URL: /agoda/login
[10-Mar-2025 16:44:52 UTC] Cleaned URL for matching: /login
[10-Mar-2025 16:44:52 UTC] Matching URL: /login
[10-Mar-2025 16:44:52 UTC] Testing against route: /
[10-Mar-2025 16:44:52 UTC] Testing against route: /login
[10-Mar-2025 16:44:52 UTC] Found handler: AuthController@login
[10-Mar-2025 16:44:53 UTC] Adding route: / => HomeController@index
[10-Mar-2025 16:44:53 UTC] Adding route: /login => AuthController@login
[10-Mar-2025 16:44:53 UTC] Adding route: /register => AuthController@register
[10-Mar-2025 16:44:53 UTC] Adding route: /logout => AuthController@logout
[10-Mar-2025 16:44:53 UTC] Adding route: /forgot-password => AuthController@forgotPassword
[10-Mar-2025 16:44:53 UTC] Adding route: /profile => UserController@profile
[10-Mar-2025 16:44:53 UTC] Adding route: /booking/(\d+) => BookingController@create
[10-Mar-2025 16:44:53 UTC] Adding route: /hotels/(\d+) => HotelController@show
[10-Mar-2025 16:44:53 UTC] Adding route: /hotels => HotelController@index
[10-Mar-2025 16:44:53 UTC] Starting dispatch...
[10-Mar-2025 16:44:53 UTC] Raw URL: /agoda/
[10-Mar-2025 16:44:53 UTC] Cleaned URL for matching: /
[10-Mar-2025 16:44:53 UTC] Matching URL: /
[10-Mar-2025 16:44:53 UTC] Testing against route: /
[10-Mar-2025 16:44:53 UTC] Found handler: HomeController@index
[10-Mar-2025 16:44:53 UTC] Adding route: / => HomeController@index
[10-Mar-2025 16:44:53 UTC] Adding route: /login => AuthController@login
[10-Mar-2025 16:44:53 UTC] Adding route: /register => AuthController@register
[10-Mar-2025 16:44:53 UTC] Adding route: /logout => AuthController@logout
[10-Mar-2025 16:44:53 UTC] Adding route: /forgot-password => AuthController@forgotPassword
[10-Mar-2025 16:44:53 UTC] Adding route: /profile => UserController@profile
[10-Mar-2025 16:44:53 UTC] Adding route: /booking/(\d+) => BookingController@create
[10-Mar-2025 16:44:53 UTC] Adding route: /hotels/(\d+) => HotelController@show
[10-Mar-2025 16:44:53 UTC] Adding route: /hotels => HotelController@index
[10-Mar-2025 16:44:53 UTC] Starting dispatch...
[10-Mar-2025 16:44:53 UTC] Raw URL: /agoda/login
[10-Mar-2025 16:44:53 UTC] Cleaned URL for matching: /login
[10-Mar-2025 16:44:53 UTC] Matching URL: /login
[10-Mar-2025 16:44:53 UTC] Testing against route: /
[10-Mar-2025 16:44:53 UTC] Testing against route: /login
[10-Mar-2025 16:44:53 UTC] Found handler: AuthController@login
[10-Mar-2025 16:44:54 UTC] Adding route: / => HomeController@index
[10-Mar-2025 16:44:54 UTC] Adding route: /login => AuthController@login
[10-Mar-2025 16:44:54 UTC] Adding route: /register => AuthController@register
[10-Mar-2025 16:44:54 UTC] Adding route: /logout => AuthController@logout
[10-Mar-2025 16:44:54 UTC] Adding route: /forgot-password => AuthController@forgotPassword
[10-Mar-2025 16:44:54 UTC] Adding route: /profile => UserController@profile
[10-Mar-2025 16:44:54 UTC] Adding route: /booking/(\d+) => BookingController@create
[10-Mar-2025 16:44:54 UTC] Adding route: /hotels/(\d+) => HotelController@show
[10-Mar-2025 16:44:54 UTC] Adding route: /hotels => HotelController@index
[10-Mar-2025 16:44:54 UTC] Starting dispatch...
[10-Mar-2025 16:44:54 UTC] Raw URL: /agoda/register
[10-Mar-2025 16:44:54 UTC] Cleaned URL for matching: /register
[10-Mar-2025 16:44:54 UTC] Matching URL: /register
[10-Mar-2025 16:44:54 UTC] Testing against route: /
[10-Mar-2025 16:44:54 UTC] Testing against route: /login
[10-Mar-2025 16:44:54 UTC] Testing against route: /register
[10-Mar-2025 16:44:54 UTC] Found handler: AuthController@register
[10-Mar-2025 16:44:55 UTC] Adding route: / => HomeController@index
[10-Mar-2025 16:44:55 UTC] Adding route: /login => AuthController@login
[10-Mar-2025 16:44:55 UTC] Adding route: /register => AuthController@register
[10-Mar-2025 16:44:55 UTC] Adding route: /logout => AuthController@logout
[10-Mar-2025 16:44:55 UTC] Adding route: /forgot-password => AuthController@forgotPassword
[10-Mar-2025 16:44:55 UTC] Adding route: /profile => UserController@profile
[10-Mar-2025 16:44:55 UTC] Adding route: /booking/(\d+) => BookingController@create
[10-Mar-2025 16:44:55 UTC] Adding route: /hotels/(\d+) => HotelController@show
[10-Mar-2025 16:44:55 UTC] Adding route: /hotels => HotelController@index
[10-Mar-2025 16:44:55 UTC] Starting dispatch...
[10-Mar-2025 16:44:55 UTC] Raw URL: /agoda/login
[10-Mar-2025 16:44:55 UTC] Cleaned URL for matching: /login
[10-Mar-2025 16:44:55 UTC] Matching URL: /login
[10-Mar-2025 16:44:55 UTC] Testing against route: /
[10-Mar-2025 16:44:55 UTC] Testing against route: /login
[10-Mar-2025 16:44:55 UTC] Found handler: AuthController@login
[10-Mar-2025 16:45:01 UTC] Adding route: / => HomeController@index
[10-Mar-2025 16:45:01 UTC] Adding route: /login => AuthController@login
[10-Mar-2025 16:45:01 UTC] Adding route: /register => AuthController@register
[10-Mar-2025 16:45:01 UTC] Adding route: /logout => AuthController@logout
[10-Mar-2025 16:45:01 UTC] Adding route: /forgot-password => AuthController@forgotPassword
[10-Mar-2025 16:45:01 UTC] Adding route: /profile => UserController@profile
[10-Mar-2025 16:45:01 UTC] Adding route: /booking/(\d+) => BookingController@create
[10-Mar-2025 16:45:01 UTC] Adding route: /hotels/(\d+) => HotelController@show
[10-Mar-2025 16:45:01 UTC] Adding route: /hotels => HotelController@index
[10-Mar-2025 16:45:01 UTC] Starting dispatch...
[10-Mar-2025 16:45:01 UTC] Raw URL: /agoda/login
[10-Mar-2025 16:45:01 UTC] Cleaned URL for matching: /login
[10-Mar-2025 16:45:01 UTC] Matching URL: /login
[10-Mar-2025 16:45:01 UTC] Testing against route: /
[10-Mar-2025 16:45:01 UTC] Testing against route: /login
[10-Mar-2025 16:45:01 UTC] Found handler: AuthController@login
[10-Mar-2025 16:45:01 UTC] Adding route: / => HomeController@index
[10-Mar-2025 16:45:01 UTC] Adding route: /login => AuthController@login
[10-Mar-2025 16:45:01 UTC] Adding route: /register => AuthController@register
[10-Mar-2025 16:45:01 UTC] Adding route: /logout => AuthController@logout
[10-Mar-2025 16:45:01 UTC] Adding route: /forgot-password => AuthController@forgotPassword
[10-Mar-2025 16:45:01 UTC] Adding route: /profile => UserController@profile
[10-Mar-2025 16:45:01 UTC] Adding route: /booking/(\d+) => BookingController@create
[10-Mar-2025 16:45:01 UTC] Adding route: /hotels/(\d+) => HotelController@show
[10-Mar-2025 16:45:01 UTC] Adding route: /hotels => HotelController@index
[10-Mar-2025 16:45:01 UTC] Starting dispatch...
[10-Mar-2025 16:45:01 UTC] Raw URL: /agoda/
[10-Mar-2025 16:45:01 UTC] Cleaned URL for matching: /
[10-Mar-2025 16:45:01 UTC] Matching URL: /
[10-Mar-2025 16:45:01 UTC] Testing against route: /
[10-Mar-2025 16:45:01 UTC] Found handler: HomeController@index
[10-Mar-2025 16:45:11 UTC] Adding route: / => HomeController@index
[10-Mar-2025 16:45:11 UTC] Adding route: /login => AuthController@login
[10-Mar-2025 16:45:11 UTC] Adding route: /register => AuthController@register
[10-Mar-2025 16:45:11 UTC] Adding route: /logout => AuthController@logout
[10-Mar-2025 16:45:11 UTC] Adding route: /forgot-password => AuthController@forgotPassword
[10-Mar-2025 16:45:11 UTC] Adding route: /profile => UserController@profile
[10-Mar-2025 16:45:11 UTC] Adding route: /booking/(\d+) => BookingController@create
[10-Mar-2025 16:45:11 UTC] Adding route: /hotels/(\d+) => HotelController@show
[10-Mar-2025 16:45:11 UTC] Adding route: /hotels => HotelController@index
[10-Mar-2025 16:45:11 UTC] Starting dispatch...
[10-Mar-2025 16:45:11 UTC] Raw URL: /agoda/user/profile
[10-Mar-2025 16:45:11 UTC] Cleaned URL for matching: /user/profile
[10-Mar-2025 16:45:11 UTC] Matching URL: /user/profile
[10-Mar-2025 16:45:11 UTC] Testing against route: /
[10-Mar-2025 16:45:11 UTC] Testing against route: /login
[10-Mar-2025 16:45:11 UTC] Testing against route: /register
[10-Mar-2025 16:45:11 UTC] Testing against route: /logout
[10-Mar-2025 16:45:11 UTC] Testing against route: /forgot-password
[10-Mar-2025 16:45:11 UTC] Testing against route: /profile
[10-Mar-2025 16:45:11 UTC] Testing against route: /booking/(\d+)
[10-Mar-2025 16:45:11 UTC] Testing against route: /hotels/(\d+)
[10-Mar-2025 16:45:11 UTC] Testing against route: /hotels
[10-Mar-2025 16:45:11 UTC] Main error: Route not found: /user/profile
[10-Mar-2025 16:45:11 UTC] #0 D:\APP\VertrigoServ\www\agoda\index.php(65): Core\Router->dispatch()
#1 {main}
[10-Mar-2025 17:05:58 UTC] Adding route: / => HomeController@index
[10-Mar-2025 17:05:58 UTC] Adding route: /login => AuthController@login
[10-Mar-2025 17:05:58 UTC] Adding route: /register => AuthController@register
[10-Mar-2025 17:05:58 UTC] Adding route: /logout => AuthController@logout
[10-Mar-2025 17:05:58 UTC] Adding route: /forgot-password => AuthController@forgotPassword
[10-Mar-2025 17:05:58 UTC] Adding route: /profile => UserController@profile
[10-Mar-2025 17:05:58 UTC] Adding route: /booking/(\d+) => BookingController@create
[10-Mar-2025 17:05:58 UTC] Adding route: /hotels/(\d+) => HotelController@show
[10-Mar-2025 17:05:58 UTC] Adding route: /hotels => HotelController@index
[10-Mar-2025 17:05:58 UTC] Starting dispatch...
[10-Mar-2025 17:05:58 UTC] Raw URL: /agoda/
[10-Mar-2025 17:05:58 UTC] Cleaned URL for matching: /
[10-Mar-2025 17:05:58 UTC] Matching URL: /
[10-Mar-2025 17:05:58 UTC] Testing against route: /
[10-Mar-2025 17:05:58 UTC] Found handler: HomeController@index
[10-Mar-2025 17:05:58 UTC] PHP Warning:  session_start(): Cannot send session cache limiter - headers already sent (output started at D:\APP\VertrigoServ\www\agoda\config\paths.php:59) in D:\APP\VertrigoServ\www\agoda\core\BaseController.php on line 25
[10-Mar-2025 17:05:58 UTC] PHP Stack trace:
[10-Mar-2025 17:05:58 UTC] PHP   1. {main}() D:\APP\VertrigoServ\www\agoda\index.php:0
[10-Mar-2025 17:05:58 UTC] PHP   2. Core\Router->dispatch() D:\APP\VertrigoServ\www\agoda\index.php:74
[10-Mar-2025 17:05:58 UTC] PHP   3. Core\Router->runMiddleware() D:\APP\VertrigoServ\www\agoda\core\Router.php:94
[10-Mar-2025 17:05:58 UTC] PHP   4. Core\Router->Core\{closure}() D:\APP\VertrigoServ\www\agoda\core\Router.php:38
[10-Mar-2025 17:05:58 UTC] PHP   5. App\Controllers\HomeController->__construct() D:\APP\VertrigoServ\www\agoda\core\Router.php:90
[10-Mar-2025 17:05:58 UTC] PHP   6. App\Controllers\HomeController->__construct() D:\APP\VertrigoServ\www\agoda\app\controllers\HomeController.php:14
[10-Mar-2025 17:05:58 UTC] PHP   7. session_start() D:\APP\VertrigoServ\www\agoda\core\BaseController.php:25
[10-Mar-2025 17:05:58 UTC] Could not start session
[10-Mar-2025 17:05:58 UTC] Main error: Session initialization failed
[10-Mar-2025 17:05:58 UTC] #0 D:\APP\VertrigoServ\www\agoda\app\controllers\HomeController.php(14): Core\BaseController->__construct()
#1 D:\APP\VertrigoServ\www\agoda\core\Router.php(90): App\Controllers\HomeController->__construct()
#2 D:\APP\VertrigoServ\www\agoda\core\Router.php(38): Core\Router->Core\{closure}()
#3 D:\APP\VertrigoServ\www\agoda\core\Router.php(94): Core\Router->runMiddleware(Array, Object(Closure))
#4 D:\APP\VertrigoServ\www\agoda\index.php(74): Core\Router->dispatch()
#5 {main}
[10-Mar-2025 17:09:24 UTC] Adding route: / => HomeController@index
[10-Mar-2025 17:09:24 UTC] Adding route: /login => AuthController@login
[10-Mar-2025 17:09:24 UTC] Adding route: /register => AuthController@register
[10-Mar-2025 17:09:24 UTC] Adding route: /logout => AuthController@logout
[10-Mar-2025 17:09:24 UTC] Adding route: /forgot-password => AuthController@forgotPassword
[10-Mar-2025 17:09:24 UTC] Adding route: /profile => UserController@profile
[10-Mar-2025 17:09:24 UTC] Adding route: /booking/(\d+) => BookingController@create
[10-Mar-2025 17:09:24 UTC] Adding route: /hotels/(\d+) => HotelController@show
[10-Mar-2025 17:09:24 UTC] Adding route: /hotels => HotelController@index
[10-Mar-2025 17:09:24 UTC] Starting dispatch...
[10-Mar-2025 17:09:24 UTC] Raw URL: /agoda/
[10-Mar-2025 17:09:24 UTC] Cleaned URL for matching: /
[10-Mar-2025 17:09:24 UTC] Matching URL: /
[10-Mar-2025 17:09:24 UTC] Testing against route: /
[10-Mar-2025 17:09:24 UTC] Found handler: HomeController@index
[10-Mar-2025 17:09:27 UTC] Adding route: / => HomeController@index
[10-Mar-2025 17:09:27 UTC] Adding route: /login => AuthController@login
[10-Mar-2025 17:09:27 UTC] Adding route: /register => AuthController@register
[10-Mar-2025 17:09:27 UTC] Adding route: /logout => AuthController@logout
[10-Mar-2025 17:09:27 UTC] Adding route: /forgot-password => AuthController@forgotPassword
[10-Mar-2025 17:09:27 UTC] Adding route: /profile => UserController@profile
[10-Mar-2025 17:09:27 UTC] Adding route: /booking/(\d+) => BookingController@create
[10-Mar-2025 17:09:27 UTC] Adding route: /hotels/(\d+) => HotelController@show
[10-Mar-2025 17:09:27 UTC] Adding route: /hotels => HotelController@index
[10-Mar-2025 17:09:27 UTC] Starting dispatch...
[10-Mar-2025 17:09:27 UTC] Raw URL: /agoda/
[10-Mar-2025 17:09:27 UTC] Cleaned URL for matching: /
[10-Mar-2025 17:09:27 UTC] Matching URL: /
[10-Mar-2025 17:09:27 UTC] Testing against route: /
[10-Mar-2025 17:09:27 UTC] Found handler: HomeController@index
[10-Mar-2025 17:09:28 UTC] Adding route: / => HomeController@index
[10-Mar-2025 17:09:28 UTC] Adding route: /login => AuthController@login
[10-Mar-2025 17:09:28 UTC] Adding route: /register => AuthController@register
[10-Mar-2025 17:09:28 UTC] Adding route: /logout => AuthController@logout
[10-Mar-2025 17:09:28 UTC] Adding route: /forgot-password => AuthController@forgotPassword
[10-Mar-2025 17:09:28 UTC] Adding route: /profile => UserController@profile
[10-Mar-2025 17:09:28 UTC] Adding route: /booking/(\d+) => BookingController@create
[10-Mar-2025 17:09:28 UTC] Adding route: /hotels/(\d+) => HotelController@show
[10-Mar-2025 17:09:28 UTC] Adding route: /hotels => HotelController@index
[10-Mar-2025 17:09:28 UTC] Starting dispatch...
[10-Mar-2025 17:09:28 UTC] Raw URL: /agoda/
[10-Mar-2025 17:09:28 UTC] Cleaned URL for matching: /
[10-Mar-2025 17:09:28 UTC] Matching URL: /
[10-Mar-2025 17:09:28 UTC] Testing against route: /
[10-Mar-2025 17:09:28 UTC] Found handler: HomeController@index
[10-Mar-2025 17:09:29 UTC] Adding route: / => HomeController@index
[10-Mar-2025 17:09:29 UTC] Adding route: /login => AuthController@login
[10-Mar-2025 17:09:29 UTC] Adding route: /register => AuthController@register
[10-Mar-2025 17:09:29 UTC] Adding route: /logout => AuthController@logout
[10-Mar-2025 17:09:29 UTC] Adding route: /forgot-password => AuthController@forgotPassword
[10-Mar-2025 17:09:29 UTC] Adding route: /profile => UserController@profile
[10-Mar-2025 17:09:29 UTC] Adding route: /booking/(\d+) => BookingController@create
[10-Mar-2025 17:09:29 UTC] Adding route: /hotels/(\d+) => HotelController@show
[10-Mar-2025 17:09:29 UTC] Adding route: /hotels => HotelController@index
[10-Mar-2025 17:09:29 UTC] Starting dispatch...
[10-Mar-2025 17:09:29 UTC] Raw URL: /agoda/login
[10-Mar-2025 17:09:29 UTC] Cleaned URL for matching: /login
[10-Mar-2025 17:09:29 UTC] Matching URL: /login
[10-Mar-2025 17:09:29 UTC] Testing against route: /
[10-Mar-2025 17:09:29 UTC] Testing against route: /login
[10-Mar-2025 17:09:29 UTC] Found handler: AuthController@login
[10-Mar-2025 17:09:31 UTC] Adding route: / => HomeController@index
[10-Mar-2025 17:09:31 UTC] Adding route: /login => AuthController@login
[10-Mar-2025 17:09:31 UTC] Adding route: /register => AuthController@register
[10-Mar-2025 17:09:31 UTC] Adding route: /logout => AuthController@logout
[10-Mar-2025 17:09:31 UTC] Adding route: /forgot-password => AuthController@forgotPassword
[10-Mar-2025 17:09:31 UTC] Adding route: /profile => UserController@profile
[10-Mar-2025 17:09:31 UTC] Adding route: /booking/(\d+) => BookingController@create
[10-Mar-2025 17:09:31 UTC] Adding route: /hotels/(\d+) => HotelController@show
[10-Mar-2025 17:09:31 UTC] Adding route: /hotels => HotelController@index
[10-Mar-2025 17:09:31 UTC] Starting dispatch...
[10-Mar-2025 17:09:31 UTC] Raw URL: /agoda/register
[10-Mar-2025 17:09:31 UTC] Cleaned URL for matching: /register
[10-Mar-2025 17:09:31 UTC] Matching URL: /register
[10-Mar-2025 17:09:31 UTC] Testing against route: /
[10-Mar-2025 17:09:31 UTC] Testing against route: /login
[10-Mar-2025 17:09:31 UTC] Testing against route: /register
[10-Mar-2025 17:09:31 UTC] Found handler: AuthController@register
[10-Mar-2025 17:09:31 UTC] Adding route: / => HomeController@index
[10-Mar-2025 17:09:31 UTC] Adding route: /login => AuthController@login
[10-Mar-2025 17:09:31 UTC] Adding route: /register => AuthController@register
[10-Mar-2025 17:09:31 UTC] Adding route: /logout => AuthController@logout
[10-Mar-2025 17:09:31 UTC] Adding route: /forgot-password => AuthController@forgotPassword
[10-Mar-2025 17:09:31 UTC] Adding route: /profile => UserController@profile
[10-Mar-2025 17:09:31 UTC] Adding route: /booking/(\d+) => BookingController@create
[10-Mar-2025 17:09:31 UTC] Adding route: /hotels/(\d+) => HotelController@show
[10-Mar-2025 17:09:31 UTC] Adding route: /hotels => HotelController@index
[10-Mar-2025 17:09:31 UTC] Starting dispatch...
[10-Mar-2025 17:09:31 UTC] Raw URL: /agoda/
[10-Mar-2025 17:09:31 UTC] Cleaned URL for matching: /
[10-Mar-2025 17:09:31 UTC] Matching URL: /
[10-Mar-2025 17:09:31 UTC] Testing against route: /
[10-Mar-2025 17:09:31 UTC] Found handler: HomeController@index
[10-Mar-2025 17:10:43 UTC] Adding route: / => HomeController@index
[10-Mar-2025 17:10:43 UTC] Adding route: /login => AuthController@login
[10-Mar-2025 17:10:43 UTC] Adding route: /register => AuthController@register
[10-Mar-2025 17:10:43 UTC] Adding route: /logout => AuthController@logout
[10-Mar-2025 17:10:43 UTC] Adding route: /forgot-password => AuthController@forgotPassword
[10-Mar-2025 17:10:43 UTC] Adding route: /profile => UserController@profile
[10-Mar-2025 17:10:43 UTC] Adding route: /booking/(\d+) => BookingController@create
[10-Mar-2025 17:10:43 UTC] Adding route: /hotels/(\d+) => HotelController@show
[10-Mar-2025 17:10:43 UTC] Adding route: /hotels => HotelController@index
[10-Mar-2025 17:10:43 UTC] Starting dispatch...
[10-Mar-2025 17:10:43 UTC] Raw URL: /agoda/
[10-Mar-2025 17:10:43 UTC] Cleaned URL for matching: /
[10-Mar-2025 17:10:43 UTC] Matching URL: /
[10-Mar-2025 17:10:43 UTC] Testing against route: /
[10-Mar-2025 17:10:43 UTC] Found handler: HomeController@index
